<?xml version="1.0" encoding="UTF-8"?>
<!-- Generated by org.testng.reporters.JUnitXMLReporter -->
<testsuite ignored="3" hostname="mahi" failures="0" tests="3" name="Test(failed)(failed)" time="0.068" errors="0" timestamp="2023-10-18T13:41:30 IST">
  <testcase classname="batchExcecution.TestClass2" name="demo1" time="0.012"/>
  <testcase classname="batchExcecution.TestClass3" name="demo2" time="0.003"/>
  <testcase classname="batchExcecution.TestClass1" name="demo2" time="0.001"/>
  <testcase classname="batchExcecution.TestClass1" name="demo1" time="0.0">
    <ignored/>
  </testcase> <!-- demo1 -->
  <testcase classname="batchExcecution.TestClass2" name="demo2" time="0.0">
    <ignored/>
  </testcase> <!-- demo2 -->
  <testcase classname="batchExcecution.TestClass3" name="demo1" time="0.0">
    <ignored/>
  </testcase> <!-- demo1 -->
</testsuite> <!-- Test(failed)(failed) -->
