<?xml version="1.0" encoding="UTF-8"?>
<!-- Generated by org.testng.reporters.JUnitXMLReporter -->
<testsuite ignored="0" hostname="mahi" failures="0" tests="4" name="Test" time="0.062" errors="0" timestamp="2023-10-18T14:29:10 IST">
  <testcase classname="listeners.TestClass3" name="test0" time="0.008"/>
  <testcase classname="listeners.TestClass4" name="test0" time="0.001"/>
  <testcase classname="listeners.TestClass1" name="test0" time="0.001"/>
  <testcase classname="listeners.TestClass2" name="test0" time="0.002"/>
</testsuite> <!-- Test -->
