<?xml version="1.0" encoding="UTF-8"?>
<!-- Generated by org.testng.reporters.JUnitXMLReporter -->
<testsuite ignored="0" hostname="mahi" failures="0" tests="4" name="Test Runner 3" time="0.073" errors="0" timestamp="2023-10-14T14:45:20 IST">
  <testcase classname="distributedParallel.TestClass5" name="demo1" time="0.01"/>
  <testcase classname="distributedParallel.TestClass5" name="demo2" time="0.002"/>
  <testcase classname="distributedParallel.TestClass6" name="demo1" time="0.001"/>
  <testcase classname="distributedParallel.TestClass6" name="demo2" time="0.003"/>
</testsuite> <!-- Test Runner 3 -->
